<?xml version="1.0" encoding="utf-8"?><testsuites><testsuite name="pytest" errors="0" failures="0" skipped="0" tests="9" time="0.219" timestamp="2022-02-22T15:43:23.724991" hostname="DESKTOP-A77L859"><testcase classname="tests.test_gm" name="test_sm4_ecb" time="0.001" /><testcase classname="tests.test_gm" name="test_sm4_cbc" time="0.002" /><testcase classname="tests.test_gm" name="test_sm4_ecb_with_crypto" time="0.037" /><testcase classname="tests.test_gm" name="test_sm4_ecb_pkcs7" time="0.000" /><testcase classname="tests.test_gm" name="test_sm4_ecb_with_gmssl" time="0.001" /><testcase classname="tests.test_gm" name="test_sm4_generate_key" time="0.000" /><testcase classname="tests.test_gm" name="test_sm3" time="0.071" /><testcase classname="tests.test_gm" name="test_sm2" time="0.019" /><testcase classname="tests.test_gm" name="test_sm2_generate_key" time="0.024" /></testsuite></testsuites>